<?xml version="1.0" encoding="UTF-8"?>
<coverage generated="1782927800">
  <project timestamp="1782927800">
    <file name="D:\xampp\htdocs\h\htmltopdf\src\Config\ConfigLoader.php">
      <class name="App\Config\ConfigLoader" namespace="global">
        <metrics complexity="27" methods="8" coveredmethods="2" conditionals="0" coveredconditionals="0" statements="111" coveredstatements="100" elements="119" coveredelements="102"/>
      </class>
      <line num="32" type="method" name="load" visibility="public" complexity="7" crap="7" count="7"/>
      <line num="34" type="stmt" count="7"/>
      <line num="36" type="stmt" count="7"/>
      <line num="37" type="stmt" count="7"/>
      <line num="38" type="stmt" count="4"/>
      <line num="39" type="stmt" count="4"/>
      <line num="40" type="stmt" count="0"/>
      <line num="47" type="stmt" count="7"/>
      <line num="48" type="stmt" count="7"/>
      <line num="49" type="stmt" count="7"/>
      <line num="50" type="stmt" count="6"/>
      <line num="52" type="stmt" count="7"/>
      <line num="53" type="stmt" count="7"/>
      <line num="60" type="stmt" count="7"/>
      <line num="61" type="stmt" count="7"/>
      <line num="62" type="stmt" count="7"/>
      <line num="63" type="stmt" count="7"/>
      <line num="66" type="stmt" count="7"/>
      <line num="67" type="stmt" count="7"/>
      <line num="70" type="stmt" count="7"/>
      <line num="71" type="stmt" count="7"/>
      <line num="72" type="stmt" count="7"/>
      <line num="73" type="stmt" count="7"/>
      <line num="74" type="stmt" count="0"/>
      <line num="76" type="stmt" count="7"/>
      <line num="77" type="stmt" count="0"/>
      <line num="81" type="stmt" count="7"/>
      <line num="82" type="stmt" count="7"/>
      <line num="85" type="stmt" count="7"/>
      <line num="86" type="stmt" count="7"/>
      <line num="92" type="stmt" count="7"/>
      <line num="93" type="stmt" count="7"/>
      <line num="94" type="stmt" count="7"/>
      <line num="95" type="stmt" count="7"/>
      <line num="96" type="stmt" count="7"/>
      <line num="97" type="stmt" count="7"/>
      <line num="98" type="stmt" count="7"/>
      <line num="100" type="stmt" count="7"/>
      <line num="101" type="stmt" count="7"/>
      <line num="102" type="stmt" count="7"/>
      <line num="103" type="stmt" count="7"/>
      <line num="104" type="stmt" count="7"/>
      <line num="105" type="stmt" count="7"/>
      <line num="106" type="stmt" count="7"/>
      <line num="108" type="stmt" count="7"/>
      <line num="109" type="stmt" count="7"/>
      <line num="110" type="stmt" count="7"/>
      <line num="111" type="stmt" count="7"/>
      <line num="112" type="stmt" count="7"/>
      <line num="113" type="stmt" count="7"/>
      <line num="114" type="stmt" count="7"/>
      <line num="116" type="stmt" count="7"/>
      <line num="117" type="stmt" count="7"/>
      <line num="118" type="stmt" count="7"/>
      <line num="119" type="stmt" count="7"/>
      <line num="120" type="stmt" count="7"/>
      <line num="121" type="stmt" count="7"/>
      <line num="122" type="stmt" count="7"/>
      <line num="125" type="stmt" count="7"/>
      <line num="126" type="stmt" count="7"/>
      <line num="127" type="stmt" count="7"/>
      <line num="128" type="stmt" count="7"/>
      <line num="129" type="stmt" count="7"/>
      <line num="130" type="stmt" count="7"/>
      <line num="132" type="stmt" count="7"/>
      <line num="133" type="stmt" count="7"/>
      <line num="134" type="stmt" count="7"/>
      <line num="135" type="stmt" count="7"/>
      <line num="136" type="stmt" count="7"/>
      <line num="137" type="stmt" count="7"/>
      <line num="139" type="stmt" count="7"/>
      <line num="140" type="stmt" count="7"/>
      <line num="141" type="stmt" count="7"/>
      <line num="142" type="stmt" count="7"/>
      <line num="143" type="stmt" count="7"/>
      <line num="144" type="stmt" count="7"/>
      <line num="145" type="stmt" count="7"/>
      <line num="146" type="stmt" count="7"/>
      <line num="147" type="stmt" count="7"/>
      <line num="148" type="stmt" count="7"/>
      <line num="149" type="stmt" count="7"/>
      <line num="150" type="stmt" count="7"/>
      <line num="151" type="stmt" count="7"/>
      <line num="164" type="method" name="abort" visibility="private" complexity="1" crap="2" count="0"/>
      <line num="166" type="stmt" count="0"/>
      <line num="167" type="stmt" count="0"/>
      <line num="176" type="method" name="requirePresent" visibility="private" complexity="4" crap="6.00" count="3"/>
      <line num="178" type="stmt" count="3"/>
      <line num="179" type="stmt" count="0"/>
      <line num="190" type="method" name="toInt" visibility="private" complexity="2" crap="2.15" count="3"/>
      <line num="192" type="stmt" count="3"/>
      <line num="193" type="stmt" count="0"/>
      <line num="195" type="stmt" count="3"/>
      <line num="206" type="method" name="requireRange" visibility="private" complexity="3" crap="6.80" count="3"/>
      <line num="208" type="stmt" count="3"/>
      <line num="209" type="stmt" count="0"/>
      <line num="210" type="stmt" count="0"/>
      <line num="211" type="stmt" count="0"/>
      <line num="223" type="method" name="toApiKeys" visibility="private" complexity="2" crap="2.01" count="3"/>
      <line num="225" type="stmt" count="3"/>
      <line num="226" type="stmt" count="0"/>
      <line num="230" type="stmt" count="3"/>
      <line num="231" type="stmt" count="3"/>
      <line num="232" type="stmt" count="3"/>
      <line num="233" type="stmt" count="3"/>
      <line num="234" type="stmt" count="3"/>
      <line num="235" type="stmt" count="3"/>
      <line num="251" type="method" name="optionalInt" visibility="private" complexity="4" crap="4" count="3"/>
      <line num="253" type="stmt" count="3"/>
      <line num="254" type="stmt" count="2"/>
      <line num="256" type="stmt" count="2"/>
      <line num="257" type="stmt" count="2"/>
      <line num="258" type="stmt" count="2"/>
      <line num="273" type="method" name="nullableInt" visibility="private" complexity="4" crap="4" count="3"/>
      <line num="275" type="stmt" count="3"/>
      <line num="276" type="stmt" count="2"/>
      <line num="278" type="stmt" count="1"/>
      <line num="279" type="stmt" count="1"/>
      <line num="280" type="stmt" count="1"/>
      <metrics loc="283" ncloc="184" classes="1" methods="8" coveredmethods="2" conditionals="0" coveredconditionals="0" statements="111" coveredstatements="100" elements="119" coveredelements="102"/>
    </file>
    <file name="D:\xampp\htdocs\h\htmltopdf\src\Controller\ConvertController.php">
      <class name="App\Controller\ConvertController" namespace="global">
        <metrics complexity="5" methods="2" coveredmethods="2" conditionals="0" coveredconditionals="0" statements="23" coveredstatements="23" elements="25" coveredelements="25"/>
      </class>
      <line num="35" type="method" name="__construct" visibility="public" complexity="1" crap="1" count="19"/>
      <line num="42" type="stmt" count="19"/>
      <line num="52" type="method" name="handle" visibility="public" complexity="4" crap="4" count="17"/>
      <line num="60" type="stmt" count="17"/>
      <line num="62" type="stmt" count="17"/>
      <line num="65" type="stmt" count="1"/>
      <line num="66" type="stmt" count="1"/>
      <line num="72" type="stmt" count="17"/>
      <line num="77" type="stmt" count="15"/>
      <line num="83" type="stmt" count="14"/>
      <line num="84" type="stmt" count="14"/>
      <line num="86" type="stmt" count="2"/>
      <line num="92" type="stmt" count="12"/>
      <line num="99" type="stmt" count="11"/>
      <line num="102" type="stmt" count="11"/>
      <line num="105" type="stmt" count="9"/>
      <line num="108" type="stmt" count="11"/>
      <line num="114" type="stmt" count="9"/>
      <line num="115" type="stmt" count="9"/>
      <line num="116" type="stmt" count="9"/>
      <line num="117" type="stmt" count="9"/>
      <line num="119" type="stmt" count="9"/>
      <line num="121" type="stmt" count="9"/>
      <line num="122" type="stmt" count="9"/>
      <line num="123" type="stmt" count="9"/>
      <metrics loc="126" ncloc="75" classes="1" methods="2" coveredmethods="2" conditionals="0" coveredconditionals="0" statements="23" coveredstatements="23" elements="25" coveredelements="25"/>
    </file>
    <file name="D:\xampp\htdocs\h\htmltopdf\src\Controller\FileController.php">
      <class name="App\Controller\FileController" namespace="global">
        <metrics complexity="7" methods="3" coveredmethods="3" conditionals="0" coveredconditionals="0" statements="22" coveredstatements="22" elements="25" coveredelements="25"/>
      </class>
      <line num="27" type="method" name="__construct" visibility="public" complexity="1" crap="1" count="25"/>
      <line num="29" type="stmt" count="25"/>
      <line num="39" type="method" name="download" visibility="public" complexity="5" crap="5" count="23"/>
      <line num="48" type="stmt" count="23"/>
      <line num="50" type="stmt" count="23"/>
      <line num="51" type="stmt" count="9"/>
      <line num="57" type="stmt" count="14"/>
      <line num="59" type="stmt" count="14"/>
      <line num="60" type="stmt" count="4"/>
      <line num="66" type="stmt" count="10"/>
      <line num="68" type="stmt" count="10"/>
      <line num="69" type="stmt" count="6"/>
      <line num="75" type="stmt" count="4"/>
      <line num="77" type="stmt" count="4"/>
      <line num="79" type="stmt" count="4"/>
      <line num="80" type="stmt" count="4"/>
      <line num="81" type="stmt" count="4"/>
      <line num="82" type="stmt" count="4"/>
      <line num="83" type="stmt" count="4"/>
      <line num="98" type="method" name="jsonResponse" visibility="private" complexity="1" crap="1" count="19"/>
      <line num="103" type="stmt" count="19"/>
      <line num="105" type="stmt" count="19"/>
      <line num="107" type="stmt" count="19"/>
      <line num="108" type="stmt" count="19"/>
      <line num="109" type="stmt" count="19"/>
      <metrics loc="112" ncloc="68" classes="1" methods="3" coveredmethods="3" conditionals="0" coveredconditionals="0" statements="22" coveredstatements="22" elements="25" coveredelements="25"/>
    </file>
    <file name="D:\xampp\htdocs\h\htmltopdf\src\Exception\AuthException.php">
      <class name="App\Exception\AuthException" namespace="global">
        <metrics complexity="2" methods="2" coveredmethods="2" conditionals="0" coveredconditionals="0" statements="2" coveredstatements="2" elements="4" coveredelements="4"/>
      </class>
      <line num="16" type="method" name="__construct" visibility="public" complexity="1" crap="1" count="13"/>
      <line num="21" type="stmt" count="13"/>
      <line num="24" type="method" name="getStatusCode" visibility="public" complexity="1" crap="1" count="12"/>
      <line num="26" type="stmt" count="12"/>
      <metrics loc="29" ncloc="22" classes="1" methods="2" coveredmethods="2" conditionals="0" coveredconditionals="0" statements="2" coveredstatements="2" elements="4" coveredelements="4"/>
    </file>
    <file name="D:\xampp\htdocs\h\htmltopdf\src\Exception\ConcurrencyException.php">
      <class name="App\Exception\ConcurrencyException" namespace="global">
        <metrics complexity="2" methods="2" coveredmethods="2" conditionals="0" coveredconditionals="0" statements="2" coveredstatements="2" elements="4" coveredelements="4"/>
      </class>
      <line num="15" type="method" name="__construct" visibility="public" complexity="1" crap="1" count="12"/>
      <line num="19" type="stmt" count="12"/>
      <line num="22" type="method" name="getStatusCode" visibility="public" complexity="1" crap="1" count="3"/>
      <line num="24" type="stmt" count="3"/>
      <metrics loc="27" ncloc="21" classes="1" methods="2" coveredmethods="2" conditionals="0" coveredconditionals="0" statements="2" coveredstatements="2" elements="4" coveredelements="4"/>
    </file>
    <file name="D:\xampp\htdocs\h\htmltopdf\src\Exception\RateLimitException.php">
      <class name="App\Exception\RateLimitException" namespace="global">
        <metrics complexity="2" methods="2" coveredmethods="2" conditionals="0" coveredconditionals="0" statements="2" coveredstatements="2" elements="4" coveredelements="4"/>
      </class>
      <line num="14" type="method" name="__construct" visibility="public" complexity="1" crap="1" count="1"/>
      <line num="18" type="stmt" count="1"/>
      <line num="21" type="method" name="getStatusCode" visibility="public" complexity="1" crap="1" count="1"/>
      <line num="23" type="stmt" count="1"/>
      <metrics loc="26" ncloc="21" classes="1" methods="2" coveredmethods="2" conditionals="0" coveredconditionals="0" statements="2" coveredstatements="2" elements="4" coveredelements="4"/>
    </file>
    <file name="D:\xampp\htdocs\h\htmltopdf\src\Exception\RendererException.php">
      <class name="App\Exception\RendererException" namespace="global">
        <metrics complexity="2" methods="2" coveredmethods="2" conditionals="0" coveredconditionals="0" statements="2" coveredstatements="2" elements="4" coveredelements="4"/>
      </class>
      <line num="15" type="method" name="__construct" visibility="public" complexity="1" crap="1" count="12"/>
      <line num="19" type="stmt" count="12"/>
      <line num="22" type="method" name="getStatusCode" visibility="public" complexity="1" crap="1" count="6"/>
      <line num="24" type="stmt" count="6"/>
      <metrics loc="27" ncloc="21" classes="1" methods="2" coveredmethods="2" conditionals="0" coveredconditionals="0" statements="2" coveredstatements="2" elements="4" coveredelements="4"/>
    </file>
    <file name="D:\xampp\htdocs\h\htmltopdf\src\Exception\RendererTimeoutException.php">
      <class name="App\Exception\RendererTimeoutException" namespace="global">
        <metrics complexity="2" methods="2" coveredmethods="2" conditionals="0" coveredconditionals="0" statements="2" coveredstatements="2" elements="4" coveredelements="4"/>
      </class>
      <line num="15" type="method" name="__construct" visibility="public" complexity="1" crap="1" count="6"/>
      <line num="19" type="stmt" count="6"/>
      <line num="22" type="method" name="getStatusCode" visibility="public" complexity="1" crap="1" count="5"/>
      <line num="24" type="stmt" count="5"/>
      <metrics loc="27" ncloc="21" classes="1" methods="2" coveredmethods="2" conditionals="0" coveredconditionals="0" statements="2" coveredstatements="2" elements="4" coveredelements="4"/>
    </file>
    <file name="D:\xampp\htdocs\h\htmltopdf\src\Exception\RendererUnavailableException.php">
      <class name="App\Exception\RendererUnavailableException" namespace="global">
        <metrics complexity="2" methods="2" coveredmethods="2" conditionals="0" coveredconditionals="0" statements="2" coveredstatements="2" elements="4" coveredelements="4"/>
      </class>
      <line num="14" type="method" name="__construct" visibility="public" complexity="1" crap="1" count="3"/>
      <line num="18" type="stmt" count="3"/>
      <line num="21" type="method" name="getStatusCode" visibility="public" complexity="1" crap="1" count="2"/>
      <line num="23" type="stmt" count="2"/>
      <metrics loc="26" ncloc="21" classes="1" methods="2" coveredmethods="2" conditionals="0" coveredconditionals="0" statements="2" coveredstatements="2" elements="4" coveredelements="4"/>
    </file>
    <file name="D:\xampp\htdocs\h\htmltopdf\src\Exception\SsrfException.php">
      <class name="App\Exception\SsrfException" namespace="global">
        <metrics complexity="2" methods="2" coveredmethods="2" conditionals="0" coveredconditionals="0" statements="2" coveredstatements="2" elements="4" coveredelements="4"/>
      </class>
      <line num="15" type="method" name="__construct" visibility="public" complexity="1" crap="1" count="12"/>
      <line num="19" type="stmt" count="12"/>
      <line num="22" type="method" name="getStatusCode" visibility="public" complexity="1" crap="1" count="1"/>
      <line num="24" type="stmt" count="1"/>
      <metrics loc="27" ncloc="21" classes="1" methods="2" coveredmethods="2" conditionals="0" coveredconditionals="0" statements="2" coveredstatements="2" elements="4" coveredelements="4"/>
    </file>
    <file name="D:\xampp\htdocs\h\htmltopdf\src\Exception\StorageFullException.php">
      <class name="App\Exception\StorageFullException" namespace="global">
        <metrics complexity="2" methods="2" coveredmethods="2" conditionals="0" coveredconditionals="0" statements="2" coveredstatements="2" elements="4" coveredelements="4"/>
      </class>
      <line num="15" type="method" name="__construct" visibility="public" complexity="1" crap="1" count="4"/>
      <line num="19" type="stmt" count="4"/>
      <line num="22" type="method" name="getStatusCode" visibility="public" complexity="1" crap="1" count="4"/>
      <line num="24" type="stmt" count="4"/>
      <metrics loc="27" ncloc="21" classes="1" methods="2" coveredmethods="2" conditionals="0" coveredconditionals="0" statements="2" coveredstatements="2" elements="4" coveredelements="4"/>
    </file>
    <file name="D:\xampp\htdocs\h\htmltopdf\src\Exception\ValidationException.php">
      <class name="App\Exception\ValidationException" namespace="global">
        <metrics complexity="2" methods="2" coveredmethods="2" conditionals="0" coveredconditionals="0" statements="2" coveredstatements="2" elements="4" coveredelements="4"/>
      </class>
      <line num="16" type="method" name="__construct" visibility="public" complexity="1" crap="1" count="19"/>
      <line num="21" type="stmt" count="19"/>
      <line num="24" type="method" name="getStatusCode" visibility="public" complexity="1" crap="1" count="18"/>
      <line num="26" type="stmt" count="18"/>
      <metrics loc="29" ncloc="22" classes="1" methods="2" coveredmethods="2" conditionals="0" coveredconditionals="0" statements="2" coveredstatements="2" elements="4" coveredelements="4"/>
    </file>
    <file name="D:\xampp\htdocs\h\htmltopdf\src\Handler\JsonErrorHandler.php">
      <class name="App\Handler\JsonErrorHandler" namespace="global">
        <metrics complexity="8" methods="3" coveredmethods="1" conditionals="0" coveredconditionals="0" statements="41" coveredstatements="20" elements="44" coveredelements="21"/>
      </class>
      <line num="24" type="method" name="__construct" visibility="public" complexity="1" crap="1" count="2"/>
      <line num="27" type="stmt" count="2"/>
      <line num="29" type="method" name="__invoke" visibility="public" complexity="6" crap="10.50" count="2"/>
      <line num="37" type="stmt" count="2"/>
      <line num="38" type="stmt" count="2"/>
      <line num="39" type="stmt" count="2"/>
      <line num="43" type="stmt" count="2"/>
      <line num="44" type="stmt" count="2"/>
      <line num="45" type="stmt" count="1"/>
      <line num="49" type="stmt" count="2"/>
      <line num="50" type="stmt" count="0"/>
      <line num="51" type="stmt" count="0"/>
      <line num="52" type="stmt" count="0"/>
      <line num="53" type="stmt" count="0"/>
      <line num="54" type="stmt" count="0"/>
      <line num="55" type="stmt" count="0"/>
      <line num="56" type="stmt" count="0"/>
      <line num="57" type="stmt" count="0"/>
      <line num="58" type="stmt" count="0"/>
      <line num="60" type="stmt" count="0"/>
      <line num="61" type="stmt" count="0"/>
      <line num="63" type="stmt" count="0"/>
      <line num="67" type="stmt" count="2"/>
      <line num="69" type="stmt" count="2"/>
      <line num="70" type="stmt" count="2"/>
      <line num="72" type="stmt" count="2"/>
      <line num="73" type="stmt" count="2"/>
      <line num="76" type="method" name="defaultMessageForStatus" visibility="private" complexity="1" crap="1.18" count="1"/>
      <line num="78" type="stmt" count="1"/>
      <line num="79" type="stmt" count="0"/>
      <line num="80" type="stmt" count="0"/>
      <line num="81" type="stmt" count="0"/>
      <line num="82" type="stmt" count="0"/>
      <line num="83" type="stmt" count="0"/>
      <line num="84" type="stmt" count="0"/>
      <line num="85" type="stmt" count="0"/>
      <line num="86" type="stmt" count="0"/>
      <line num="87" type="stmt" count="0"/>
      <line num="88" type="stmt" count="1"/>
      <line num="89" type="stmt" count="1"/>
      <line num="90" type="stmt" count="1"/>
      <line num="91" type="stmt" count="1"/>
      <line num="92" type="stmt" count="1"/>
      <line num="93" type="stmt" count="1"/>
      <metrics loc="96" ncloc="85" classes="1" methods="3" coveredmethods="1" conditionals="0" coveredconditionals="0" statements="41" coveredstatements="20" elements="44" coveredelements="21"/>
    </file>
    <file name="D:\xampp\htdocs\h\htmltopdf\src\Job\CleanupJob.php">
      <class name="App\Job\CleanupJob" namespace="global">
        <metrics complexity="16" methods="3" coveredmethods="1" conditionals="0" coveredconditionals="0" statements="51" coveredstatements="42" elements="54" coveredelements="43"/>
      </class>
      <line num="21" type="method" name="__construct" visibility="public" complexity="1" crap="1" count="11"/>
      <line num="24" type="stmt" count="11"/>
      <line num="39" type="method" name="run" visibility="public" complexity="12" crap="12.14" count="11"/>
      <line num="41" type="stmt" count="11"/>
      <line num="42" type="stmt" count="11"/>
      <line num="43" type="stmt" count="11"/>
      <line num="45" type="stmt" count="11"/>
      <line num="46" type="stmt" count="11"/>
      <line num="47" type="stmt" count="11"/>
      <line num="48" type="stmt" count="11"/>
      <line num="50" type="stmt" count="11"/>
      <line num="51" type="stmt" count="0"/>
      <line num="54" type="stmt" count="11"/>
      <line num="55" type="stmt" count="10"/>
      <line num="56" type="stmt" count="10"/>
      <line num="58" type="stmt" count="0"/>
      <line num="61" type="stmt" count="10"/>
      <line num="62" type="stmt" count="10"/>
      <line num="63" type="stmt" count="1"/>
      <line num="66" type="stmt" count="9"/>
      <line num="67" type="stmt" count="9"/>
      <line num="68" type="stmt" count="9"/>
      <line num="69" type="stmt" count="9"/>
      <line num="70" type="stmt" count="9"/>
      <line num="72" type="stmt" count="9"/>
      <line num="73" type="stmt" count="0"/>
      <line num="77" type="stmt" count="9"/>
      <line num="78" type="stmt" count="4"/>
      <line num="82" type="stmt" count="8"/>
      <line num="85" type="stmt" count="8"/>
      <line num="86" type="stmt" count="8"/>
      <line num="87" type="stmt" count="0"/>
      <line num="90" type="stmt" count="8"/>
      <line num="91" type="stmt" count="8"/>
      <line num="94" type="stmt" count="8"/>
      <line num="95" type="stmt" count="8"/>
      <line num="96" type="stmt" count="8"/>
      <line num="100" type="stmt" count="11"/>
      <line num="102" type="stmt" count="11"/>
      <line num="103" type="stmt" count="11"/>
      <line num="104" type="stmt" count="11"/>
      <line num="105" type="stmt" count="11"/>
      <line num="107" type="stmt" count="11"/>
      <line num="124" type="method" name="unlinkFile" visibility="private" complexity="3" crap="4.12" count="8"/>
      <line num="127" type="stmt" count="8"/>
      <line num="128" type="stmt" count="1"/>
      <line num="131" type="stmt" count="8"/>
      <line num="133" type="stmt" count="8"/>
      <line num="134" type="stmt" count="0"/>
      <line num="135" type="stmt" count="0"/>
      <line num="136" type="stmt" count="0"/>
      <line num="137" type="stmt" count="0"/>
      <line num="138" type="stmt" count="0"/>
      <line num="141" type="stmt" count="8"/>
      <metrics loc="144" ncloc="106" classes="1" methods="3" coveredmethods="1" conditionals="0" coveredconditionals="0" statements="51" coveredstatements="42" elements="54" coveredelements="43"/>
    </file>
    <file name="D:\xampp\htdocs\h\htmltopdf\src\Middleware\AuthMiddleware.php">
      <class name="App\Middleware\AuthMiddleware" namespace="global">
        <metrics complexity="6" methods="2" coveredmethods="2" conditionals="0" coveredconditionals="0" statements="11" coveredstatements="11" elements="13" coveredelements="13"/>
      </class>
      <line num="29" type="method" name="__construct" visibility="public" complexity="1" crap="1" count="15"/>
      <line num="31" type="stmt" count="15"/>
      <line num="33" type="method" name="process" visibility="public" complexity="5" crap="5" count="15"/>
      <line num="36" type="stmt" count="15"/>
      <line num="38" type="stmt" count="15"/>
      <line num="39" type="stmt" count="3"/>
      <line num="44" type="stmt" count="13"/>
      <line num="45" type="stmt" count="7"/>
      <line num="48" type="stmt" count="7"/>
      <line num="53" type="stmt" count="7"/>
      <line num="54" type="stmt" count="7"/>
      <line num="56" type="stmt" count="4"/>
      <line num="60" type="stmt" count="4"/>
      <metrics loc="63" ncloc="43" classes="1" methods="2" coveredmethods="2" conditionals="0" coveredconditionals="0" statements="11" coveredstatements="11" elements="13" coveredelements="13"/>
    </file>
    <file name="D:\xampp\htdocs\h\htmltopdf\src\Middleware\RateLimitMiddleware.php">
      <class name="App\Middleware\RateLimitMiddleware" namespace="global">
        <metrics complexity="6" methods="3" coveredmethods="0" conditionals="0" coveredconditionals="0" statements="11" coveredstatements="0" elements="14" coveredelements="0"/>
      </class>
      <line num="27" type="method" name="__construct" visibility="public" complexity="1" crap="2" count="0"/>
      <line num="30" type="stmt" count="0"/>
      <line num="32" type="method" name="process" visibility="public" complexity="3" crap="12" count="0"/>
      <line num="37" type="stmt" count="0"/>
      <line num="38" type="stmt" count="0"/>
      <line num="44" type="stmt" count="0"/>
      <line num="45" type="stmt" count="0"/>
      <line num="47" type="stmt" count="0"/>
      <line num="48" type="stmt" count="0"/>
      <line num="51" type="stmt" count="0"/>
      <line num="63" type="method" name="extractBearerToken" visibility="private" complexity="2" crap="6" count="0"/>
      <line num="65" type="stmt" count="0"/>
      <line num="66" type="stmt" count="0"/>
      <line num="69" type="stmt" count="0"/>
      <metrics loc="72" ncloc="50" classes="1" methods="3" coveredmethods="0" conditionals="0" coveredconditionals="0" statements="11" coveredstatements="0" elements="14" coveredelements="0"/>
    </file>
    <file name="D:\xampp\htdocs\h\htmltopdf\src\Middleware\RequestLogMiddleware.php">
      <class name="App\Middleware\RequestLogMiddleware" namespace="global">
        <metrics complexity="2" methods="2" coveredmethods="2" conditionals="0" coveredconditionals="0" statements="12" coveredstatements="12" elements="14" coveredelements="14"/>
      </class>
      <line num="23" type="method" name="__construct" visibility="public" complexity="1" crap="1" count="1"/>
      <line num="25" type="stmt" count="1"/>
      <line num="31" type="method" name="process" visibility="public" complexity="1" crap="1" count="1"/>
      <line num="36" type="stmt" count="1"/>
      <line num="39" type="stmt" count="1"/>
      <line num="42" type="stmt" count="1"/>
      <line num="47" type="stmt" count="1"/>
      <line num="48" type="stmt" count="1"/>
      <line num="49" type="stmt" count="1"/>
      <line num="50" type="stmt" count="1"/>
      <line num="51" type="stmt" count="1"/>
      <line num="52" type="stmt" count="1"/>
      <line num="53" type="stmt" count="1"/>
      <line num="56" type="stmt" count="1"/>
      <metrics loc="59" ncloc="40" classes="1" methods="2" coveredmethods="2" conditionals="0" coveredconditionals="0" statements="12" coveredstatements="12" elements="14" coveredelements="14"/>
    </file>
    <file name="D:\xampp\htdocs\h\htmltopdf\src\Model\CleanupResult.php">
      <class name="App\Model\CleanupResult" namespace="global">
        <metrics complexity="1" methods="1" coveredmethods="1" conditionals="0" coveredconditionals="0" statements="1" coveredstatements="1" elements="2" coveredelements="2"/>
      </class>
      <line num="17" type="method" name="__construct" visibility="public" complexity="1" crap="1" count="11"/>
      <line num="21" type="stmt" count="11"/>
      <metrics loc="23" ncloc="15" classes="1" methods="1" coveredmethods="1" conditionals="0" coveredconditionals="0" statements="1" coveredstatements="1" elements="2" coveredelements="2"/>
    </file>
    <file name="D:\xampp\htdocs\h\htmltopdf\src\Model\Config.php">
      <class name="App\Model\Config" namespace="global">
        <metrics complexity="1" methods="1" coveredmethods="1" conditionals="0" coveredconditionals="0" statements="1" coveredstatements="1" elements="2" coveredelements="2"/>
      </class>
      <line num="28" type="method" name="__construct" visibility="public" complexity="1" crap="1" count="104"/>
      <line num="40" type="stmt" count="104"/>
      <metrics loc="42" ncloc="23" classes="1" methods="1" coveredmethods="1" conditionals="0" coveredconditionals="0" statements="1" coveredstatements="1" elements="2" coveredelements="2"/>
    </file>
    <file name="D:\xampp\htdocs\h\htmltopdf\src\Model\StoredFile.php">
      <class name="App\Model\StoredFile" namespace="global">
        <metrics complexity="1" methods="1" coveredmethods="1" conditionals="0" coveredconditionals="0" statements="1" coveredstatements="1" elements="2" coveredelements="2"/>
      </class>
      <line num="21" type="method" name="__construct" visibility="public" complexity="1" crap="1" count="23"/>
      <line num="27" type="stmt" count="23"/>
      <metrics loc="29" ncloc="17" classes="1" methods="1" coveredmethods="1" conditionals="0" coveredconditionals="0" statements="1" coveredstatements="1" elements="2" coveredelements="2"/>
    </file>
    <file name="D:\xampp\htdocs\h\htmltopdf\src\Service\ConcurrencyGuard.php">
      <class name="App\Service\ConcurrencyGuard" namespace="global">
        <metrics complexity="16" methods="5" coveredmethods="0" conditionals="0" coveredconditionals="0" statements="34" coveredstatements="2" elements="39" coveredelements="2"/>
      </class>
      <line num="39" type="method" name="__construct" visibility="public" complexity="2" crap="2.50" count="23"/>
      <line num="41" type="stmt" count="23"/>
      <line num="45" type="stmt" count="0"/>
      <line num="48" type="stmt" count="0"/>
      <line num="50" type="stmt" count="23"/>
      <line num="69" type="method" name="acquire" visibility="public" complexity="5" crap="30" count="0"/>
      <line num="72" type="stmt" count="0"/>
      <line num="75" type="stmt" count="0"/>
      <line num="76" type="stmt" count="0"/>
      <line num="77" type="stmt" count="0"/>
      <line num="82" type="stmt" count="0"/>
      <line num="83" type="stmt" count="0"/>
      <line num="87" type="stmt" count="0"/>
      <line num="89" type="stmt" count="0"/>
      <line num="91" type="stmt" count="0"/>
      <line num="92" type="stmt" count="0"/>
      <line num="94" type="stmt" count="0"/>
      <line num="98" type="stmt" count="0"/>
      <line num="99" type="stmt" count="0"/>
      <line num="107" type="method" name="release" visibility="public" complexity="2" crap="6" count="0"/>
      <line num="109" type="stmt" count="0"/>
      <line num="110" type="stmt" count="0"/>
      <line num="113" type="stmt" count="0"/>
      <line num="127" type="method" name="incrementQueueDepth" visibility="private" complexity="3" crap="12" count="0"/>
      <line num="129" type="stmt" count="0"/>
      <line num="130" type="stmt" count="0"/>
      <line num="131" type="stmt" count="0"/>
      <line num="132" type="stmt" count="0"/>
      <line num="134" type="stmt" count="0"/>
      <line num="135" type="stmt" count="0"/>
      <line num="137" type="stmt" count="0"/>
      <line num="142" type="stmt" count="0"/>
      <line num="148" type="method" name="decrementQueueDepth" visibility="private" complexity="4" crap="20" count="0"/>
      <line num="150" type="stmt" count="0"/>
      <line num="151" type="stmt" count="0"/>
      <line num="154" type="stmt" count="0"/>
      <line num="155" type="stmt" count="0"/>
      <line num="156" type="stmt" count="0"/>
      <line num="159" type="stmt" count="0"/>
      <metrics loc="163" ncloc="93" classes="1" methods="5" coveredmethods="0" conditionals="0" coveredconditionals="0" statements="34" coveredstatements="2" elements="39" coveredelements="2"/>
    </file>
    <file name="D:\xampp\htdocs\h\htmltopdf\src\Service\InputValidator.php">
      <class name="App\Service\InputValidator" namespace="global">
        <metrics complexity="8" methods="1" coveredmethods="1" conditionals="0" coveredconditionals="0" statements="11" coveredstatements="11" elements="12" coveredelements="12"/>
      </class>
      <line num="29" type="method" name="validateConvertRequest" visibility="public" complexity="8" crap="8" count="23"/>
      <line num="32" type="stmt" count="23"/>
      <line num="33" type="stmt" count="4"/>
      <line num="36" type="stmt" count="19"/>
      <line num="39" type="stmt" count="19"/>
      <line num="40" type="stmt" count="2"/>
      <line num="44" type="stmt" count="17"/>
      <line num="45" type="stmt" count="5"/>
      <line num="49" type="stmt" count="12"/>
      <line num="50" type="stmt" count="12"/>
      <line num="51" type="stmt" count="3"/>
      <line num="54" type="stmt" count="9"/>
      <metrics loc="57" ncloc="35" classes="1" methods="1" coveredmethods="1" conditionals="0" coveredconditionals="0" statements="11" coveredstatements="11" elements="12" coveredelements="12"/>
    </file>
    <file name="D:\xampp\htdocs\h\htmltopdf\src\Service\RateLimiter.php">
      <class name="App\Service\RateLimiter" namespace="global">
        <metrics complexity="10" methods="6" coveredmethods="3" conditionals="0" coveredconditionals="0" statements="19" coveredstatements="12" elements="25" coveredelements="15"/>
      </class>
      <line num="22" type="method" name="__construct" visibility="public" complexity="1" crap="1" count="12"/>
      <line num="25" type="stmt" count="12"/>
      <line num="34" type="method" name="isAllowed" visibility="public" complexity="3" crap="3" count="12"/>
      <line num="37" type="stmt" count="12"/>
      <line num="38" type="stmt" count="2"/>
      <line num="42" type="stmt" count="10"/>
      <line num="43" type="stmt" count="1"/>
      <line num="44" type="stmt" count="1"/>
      <line num="47" type="stmt" count="9"/>
      <line num="48" type="stmt" count="9"/>
      <line num="49" type="stmt" count="9"/>
      <line num="53" type="stmt" count="9"/>
      <line num="55" type="stmt" count="9"/>
      <line num="66" type="method" name="getCurrentTime" visibility="protected" complexity="1" crap="1" count="8"/>
      <line num="68" type="stmt" count="8"/>
      <line num="75" type="method" name="isApcuAvailable" visibility="protected" complexity="2" crap="6" count="0"/>
      <line num="77" type="stmt" count="0"/>
      <line num="90" type="method" name="apcuIncrement" visibility="protected" complexity="2" crap="6" count="0"/>
      <line num="92" type="stmt" count="0"/>
      <line num="94" type="stmt" count="0"/>
      <line num="96" type="stmt" count="0"/>
      <line num="97" type="stmt" count="0"/>
      <line num="100" type="stmt" count="0"/>
      <line num="111" type="method" name="apcuStore" visibility="protected" complexity="1" crap="2" count="0"/>
      <line num="113" type="stmt" count="0"/>
      <metrics loc="116" ncloc="65" classes="1" methods="6" coveredmethods="3" conditionals="0" coveredconditionals="0" statements="19" coveredstatements="12" elements="25" coveredelements="15"/>
    </file>
    <file name="D:\xampp\htdocs\h\htmltopdf\src\Service\RendererService.php">
      <class name="App\Service\RendererService" namespace="global">
        <metrics complexity="22" methods="6" coveredmethods="3" conditionals="0" coveredconditionals="0" statements="96" coveredstatements="81" elements="102" coveredelements="84"/>
      </class>
      <line num="25" type="method" name="__construct" visibility="public" complexity="3" crap="3" count="19"/>
      <line num="31" type="stmt" count="19"/>
      <line num="32" type="stmt" count="1"/>
      <line num="33" type="stmt" count="1"/>
      <line num="34" type="stmt" count="1"/>
      <line num="48" type="method" name="render" visibility="public" complexity="12" crap="12.05" count="15"/>
      <line num="50" type="stmt" count="15"/>
      <line num="52" type="stmt" count="15"/>
      <line num="53" type="stmt" count="15"/>
      <line num="54" type="stmt" count="15"/>
      <line num="55" type="stmt" count="15"/>
      <line num="56" type="stmt" count="15"/>
      <line num="57" type="stmt" count="15"/>
      <line num="59" type="stmt" count="15"/>
      <line num="61" type="stmt" count="15"/>
      <line num="62" type="stmt" count="0"/>
      <line num="68" type="stmt" count="15"/>
      <line num="69" type="stmt" count="0"/>
      <line num="70" type="stmt" count="0"/>
      <line num="73" type="stmt" count="15"/>
      <line num="74" type="stmt" count="15"/>
      <line num="75" type="stmt" count="15"/>
      <line num="78" type="stmt" count="15"/>
      <line num="79" type="stmt" count="15"/>
      <line num="81" type="stmt" count="15"/>
      <line num="85" type="stmt" count="13"/>
      <line num="86" type="stmt" count="13"/>
      <line num="87" type="stmt" count="13"/>
      <line num="91" type="stmt" count="15"/>
      <line num="92" type="stmt" count="2"/>
      <line num="96" type="stmt" count="2"/>
      <line num="100" type="stmt" count="2"/>
      <line num="101" type="stmt" count="0"/>
      <line num="102" type="stmt" count="0"/>
      <line num="105" type="stmt" count="2"/>
      <line num="106" type="stmt" count="2"/>
      <line num="107" type="stmt" count="2"/>
      <line num="109" type="stmt" count="2"/>
      <line num="110" type="stmt" count="2"/>
      <line num="111" type="stmt" count="2"/>
      <line num="112" type="stmt" count="2"/>
      <line num="114" type="stmt" count="2"/>
      <line num="115" type="stmt" count="2"/>
      <line num="116" type="stmt" count="2"/>
      <line num="117" type="stmt" count="2"/>
      <line num="118" type="stmt" count="2"/>
      <line num="119" type="stmt" count="2"/>
      <line num="123" type="stmt" count="15"/>
      <line num="126" type="stmt" count="13"/>
      <line num="127" type="stmt" count="13"/>
      <line num="128" type="stmt" count="13"/>
      <line num="131" type="stmt" count="13"/>
      <line num="136" type="stmt" count="13"/>
      <line num="137" type="stmt" count="6"/>
      <line num="138" type="stmt" count="6"/>
      <line num="139" type="stmt" count="6"/>
      <line num="140" type="stmt" count="6"/>
      <line num="141" type="stmt" count="6"/>
      <line num="143" type="stmt" count="6"/>
      <line num="144" type="stmt" count="6"/>
      <line num="145" type="stmt" count="6"/>
      <line num="146" type="stmt" count="6"/>
      <line num="147" type="stmt" count="6"/>
      <line num="148" type="stmt" count="6"/>
      <line num="149" type="stmt" count="6"/>
      <line num="155" type="stmt" count="7"/>
      <line num="156" type="stmt" count="2"/>
      <line num="157" type="stmt" count="2"/>
      <line num="158" type="stmt" count="2"/>
      <line num="159" type="stmt" count="2"/>
      <line num="160" type="stmt" count="2"/>
      <line num="162" type="stmt" count="2"/>
      <line num="168" type="stmt" count="5"/>
      <line num="169" type="stmt" count="5"/>
      <line num="170" type="stmt" count="5"/>
      <line num="171" type="stmt" count="5"/>
      <line num="187" type="method" name="isExecutable" visibility="protected" complexity="1" crap="2" count="0"/>
      <line num="189" type="stmt" count="0"/>
      <line num="202" type="method" name="buildCommand" visibility="protected" complexity="1" crap="2" count="0"/>
      <line num="204" type="stmt" count="0"/>
      <line num="205" type="stmt" count="0"/>
      <line num="206" type="stmt" count="0"/>
      <line num="207" type="stmt" count="0"/>
      <line num="208" type="stmt" count="0"/>
      <line num="209" type="stmt" count="0"/>
      <line num="210" type="stmt" count="0"/>
      <line num="211" type="stmt" count="0"/>
      <line num="212" type="stmt" count="0"/>
      <line num="227" type="method" name="drainStream" visibility="private" complexity="4" crap="4" count="13"/>
      <line num="229" type="stmt" count="13"/>
      <line num="230" type="stmt" count="13"/>
      <line num="231" type="stmt" count="13"/>
      <line num="232" type="stmt" count="13"/>
      <line num="233" type="stmt" count="13"/>
      <line num="235" type="stmt" count="5"/>
      <line num="237" type="stmt" count="13"/>
      <line num="247" type="method" name="redactApiKey" visibility="private" complexity="1" crap="1" count="15"/>
      <line num="249" type="stmt" count="15"/>
      <line num="250" type="stmt" count="15"/>
      <line num="251" type="stmt" count="15"/>
      <line num="252" type="stmt" count="15"/>
      <line num="253" type="stmt" count="15"/>
      <metrics loc="256" ncloc="167" classes="1" methods="6" coveredmethods="3" conditionals="0" coveredconditionals="0" statements="96" coveredstatements="81" elements="102" coveredelements="84"/>
    </file>
    <file name="D:\xampp\htdocs\h\htmltopdf\src\Service\SsrfGuard.php">
      <class name="App\Service\SsrfGuard" namespace="global">
        <metrics complexity="25" methods="3" coveredmethods="0" conditionals="0" coveredconditionals="0" statements="56" coveredstatements="43" elements="59" coveredelements="43"/>
      </class>
      <line num="25" type="method" name="check" visibility="public" complexity="9" crap="9.49" count="19"/>
      <line num="28" type="stmt" count="19"/>
      <line num="30" type="stmt" count="19"/>
      <line num="31" type="stmt" count="0"/>
      <line num="35" type="stmt" count="19"/>
      <line num="36" type="stmt" count="0"/>
      <line num="40" type="stmt" count="19"/>
      <line num="43" type="stmt" count="19"/>
      <line num="44" type="stmt" count="1"/>
      <line num="48" type="stmt" count="18"/>
      <line num="49" type="stmt" count="18"/>
      <line num="50" type="stmt" count="11"/>
      <line num="62" type="method" name="resolveHostname" visibility="protected" complexity="7" crap="56" count="0"/>
      <line num="64" type="stmt" count="0"/>
      <line num="66" type="stmt" count="0"/>
      <line num="67" type="stmt" count="0"/>
      <line num="70" type="stmt" count="0"/>
      <line num="71" type="stmt" count="0"/>
      <line num="72" type="stmt" count="0"/>
      <line num="73" type="stmt" count="0"/>
      <line num="74" type="stmt" count="0"/>
      <line num="75" type="stmt" count="0"/>
      <line num="79" type="stmt" count="0"/>
      <line num="90" type="method" name="isPrivateIp" visibility="private" complexity="9" crap="9" count="29"/>
      <line num="93" type="stmt" count="29"/>
      <line num="94" type="stmt" count="29"/>
      <line num="96" type="stmt" count="22"/>
      <line num="97" type="stmt" count="22"/>
      <line num="98" type="stmt" count="22"/>
      <line num="99" type="stmt" count="22"/>
      <line num="100" type="stmt" count="22"/>
      <line num="101" type="stmt" count="22"/>
      <line num="102" type="stmt" count="22"/>
      <line num="103" type="stmt" count="22"/>
      <line num="104" type="stmt" count="22"/>
      <line num="106" type="stmt" count="22"/>
      <line num="107" type="stmt" count="22"/>
      <line num="108" type="stmt" count="13"/>
      <line num="112" type="stmt" count="9"/>
      <line num="116" type="stmt" count="7"/>
      <line num="117" type="stmt" count="7"/>
      <line num="119" type="stmt" count="0"/>
      <line num="123" type="stmt" count="7"/>
      <line num="124" type="stmt" count="7"/>
      <line num="125" type="stmt" count="7"/>
      <line num="126" type="stmt" count="7"/>
      <line num="127" type="stmt" count="7"/>
      <line num="129" type="stmt" count="7"/>
      <line num="130" type="stmt" count="7"/>
      <line num="133" type="stmt" count="7"/>
      <line num="134" type="stmt" count="7"/>
      <line num="135" type="stmt" count="7"/>
      <line num="136" type="stmt" count="7"/>
      <line num="137" type="stmt" count="7"/>
      <line num="139" type="stmt" count="7"/>
      <line num="140" type="stmt" count="7"/>
      <line num="141" type="stmt" count="7"/>
      <line num="142" type="stmt" count="6"/>
      <line num="146" type="stmt" count="1"/>
      <metrics loc="149" ncloc="103" classes="1" methods="3" coveredmethods="0" conditionals="0" coveredconditionals="0" statements="56" coveredstatements="43" elements="59" coveredelements="43"/>
    </file>
    <file name="D:\xampp\htdocs\h\htmltopdf\src\Service\StorageService.php">
      <class name="App\Service\StorageService" namespace="global">
        <metrics complexity="31" methods="7" coveredmethods="3" conditionals="0" coveredconditionals="0" statements="103" coveredstatements="86" elements="110" coveredelements="89"/>
      </class>
      <line num="24" type="method" name="__construct" visibility="public" complexity="2" crap="2" count="20"/>
      <line num="27" type="stmt" count="20"/>
      <line num="28" type="stmt" count="1"/>
      <line num="29" type="stmt" count="1"/>
      <line num="30" type="stmt" count="1"/>
      <line num="31" type="stmt" count="1"/>
      <line num="32" type="stmt" count="1"/>
      <line num="33" type="stmt" count="1"/>
      <line num="45" type="method" name="generateFilename" visibility="public" complexity="1" crap="1" count="13"/>
      <line num="47" type="stmt" count="13"/>
      <line num="65" type="method" name="save" visibility="public" complexity="4" crap="4.20" count="10"/>
      <line num="67" type="stmt" count="10"/>
      <line num="68" type="stmt" count="10"/>
      <line num="69" type="stmt" count="10"/>
      <line num="71" type="stmt" count="10"/>
      <line num="72" type="stmt" count="0"/>
      <line num="73" type="stmt" count="0"/>
      <line num="74" type="stmt" count="0"/>
      <line num="77" type="stmt" count="10"/>
      <line num="78" type="stmt" count="10"/>
      <line num="80" type="stmt" count="10"/>
      <line num="81" type="stmt" count="10"/>
      <line num="82" type="stmt" count="10"/>
      <line num="83" type="stmt" count="10"/>
      <line num="84" type="stmt" count="10"/>
      <line num="86" type="stmt" count="10"/>
      <line num="87" type="stmt" count="10"/>
      <line num="88" type="stmt" count="0"/>
      <line num="89" type="stmt" count="0"/>
      <line num="90" type="stmt" count="0"/>
      <line num="93" type="stmt" count="10"/>
      <line num="94" type="stmt" count="10"/>
      <line num="95" type="stmt" count="10"/>
      <line num="96" type="stmt" count="10"/>
      <line num="97" type="stmt" count="10"/>
      <line num="98" type="stmt" count="10"/>
      <line num="99" type="stmt" count="10"/>
      <line num="112" type="method" name="find" visibility="public" complexity="7" crap="7.04" count="7"/>
      <line num="115" type="stmt" count="7"/>
      <line num="116" type="stmt" count="1"/>
      <line num="119" type="stmt" count="6"/>
      <line num="120" type="stmt" count="6"/>
      <line num="122" type="stmt" count="6"/>
      <line num="123" type="stmt" count="3"/>
      <line num="126" type="stmt" count="3"/>
      <line num="127" type="stmt" count="3"/>
      <line num="128" type="stmt" count="0"/>
      <line num="131" type="stmt" count="3"/>
      <line num="132" type="stmt" count="3"/>
      <line num="133" type="stmt" count="0"/>
      <line num="136" type="stmt" count="3"/>
      <line num="137" type="stmt" count="3"/>
      <line num="138" type="stmt" count="3"/>
      <line num="139" type="stmt" count="3"/>
      <line num="140" type="stmt" count="3"/>
      <line num="141" type="stmt" count="3"/>
      <line num="142" type="stmt" count="3"/>
      <line num="143" type="stmt" count="3"/>
      <line num="144" type="stmt" count="3"/>
      <line num="145" type="stmt" count="3"/>
      <line num="147" type="stmt" count="3"/>
      <line num="148" type="stmt" count="0"/>
      <line num="151" type="stmt" count="3"/>
      <line num="152" type="stmt" count="3"/>
      <line num="153" type="stmt" count="3"/>
      <line num="154" type="stmt" count="3"/>
      <line num="155" type="stmt" count="3"/>
      <line num="156" type="stmt" count="3"/>
      <line num="157" type="stmt" count="3"/>
      <line num="167" type="method" name="storageSizeBytes" visibility="public" complexity="5" crap="5.03" count="2"/>
      <line num="169" type="stmt" count="2"/>
      <line num="170" type="stmt" count="2"/>
      <line num="172" type="stmt" count="2"/>
      <line num="173" type="stmt" count="0"/>
      <line num="176" type="stmt" count="2"/>
      <line num="177" type="stmt" count="2"/>
      <line num="178" type="stmt" count="2"/>
      <line num="179" type="stmt" count="2"/>
      <line num="180" type="stmt" count="2"/>
      <line num="185" type="stmt" count="2"/>
      <line num="195" type="method" name="buildSidecarPath" visibility="private" complexity="1" crap="1" count="13"/>
      <line num="197" type="stmt" count="13"/>
      <line num="207" type="method" name="redactApiKey" visibility="private" complexity="11" crap="13.11" count="10"/>
      <line num="209" type="stmt" count="10"/>
      <line num="210" type="stmt" count="10"/>
      <line num="211" type="stmt" count="0"/>
      <line num="214" type="stmt" count="10"/>
      <line num="215" type="stmt" count="8"/>
      <line num="218" type="stmt" count="2"/>
      <line num="219" type="stmt" count="2"/>
      <line num="221" type="stmt" count="2"/>
      <line num="224" type="stmt" count="2"/>
      <line num="226" type="stmt" count="2"/>
      <line num="227" type="stmt" count="2"/>
      <line num="229" type="stmt" count="2"/>
      <line num="230" type="stmt" count="0"/>
      <line num="231" type="stmt" count="0"/>
      <line num="232" type="stmt" count="0"/>
      <line num="234" type="stmt" count="0"/>
      <line num="236" type="stmt" count="2"/>
      <line num="237" type="stmt" count="2"/>
      <line num="239" type="stmt" count="2"/>
      <line num="240" type="stmt" count="0"/>
      <line num="242" type="stmt" count="2"/>
      <line num="243" type="stmt" count="2"/>
      <line num="245" type="stmt" count="2"/>
      <line num="246" type="stmt" count="2"/>
      <line num="248" type="stmt" count="2"/>
      <line num="249" type="stmt" count="0"/>
      <line num="252" type="stmt" count="2"/>
      <metrics loc="255" ncloc="192" classes="1" methods="7" coveredmethods="3" conditionals="0" coveredconditionals="0" statements="103" coveredstatements="86" elements="110" coveredelements="89"/>
    </file>
    <metrics files="26" loc="2290" ncloc="1552" classes="26" methods="75" coveredmethods="44" conditionals="0" coveredconditionals="0" statements="622" coveredstatements="486" elements="697" coveredelements="530"/>
  </project>
</coverage>
