<?xml version="1.0" encoding="UTF-8"?>
<testsuites>
  <testsuite name="Tests\Unit\Service\RendererServiceTest" file="D:\xampp\htdocs\h\htmltopdf\tests\Unit\Service\RendererServiceTest.php" tests="14" assertions="29" errors="0" failures="0" skipped="0" time="1.957660">
    <testcase name="testConstructorThrowsWhenBinaryNotExecutable" file="D:\xampp\htdocs\h\htmltopdf\tests\Unit\Service\RendererServiceTest.php" line="171" class="Tests\Unit\Service\RendererServiceTest" classname="Tests.Unit.Service.RendererServiceTest" assertions="2" time="0.024133"/>
    <testcase name="testRendererUnavailableExceptionStatusCode" file="D:\xampp\htdocs\h\htmltopdf\tests\Unit\Service\RendererServiceTest.php" line="198" class="Tests\Unit\Service\RendererServiceTest" classname="Tests.Unit.Service.RendererServiceTest" assertions="1" time="0.000923"/>
    <testcase name="testConstructorDoesNotThrowWhenPathIsEmpty" file="D:\xampp\htdocs\h\htmltopdf\tests\Unit\Service\RendererServiceTest.php" line="208" class="Tests\Unit\Service\RendererServiceTest" classname="Tests.Unit.Service.RendererServiceTest" assertions="1" time="0.001308"/>
    <testcase name="testBuildCommandPassesUrlBeforeOutputPath" file="D:\xampp\htdocs\h\htmltopdf\tests\Unit\Service\RendererServiceTest.php" line="229" class="Tests\Unit\Service\RendererServiceTest" classname="Tests.Unit.Service.RendererServiceTest" assertions="8" time="0.004458"/>
    <testcase name="testSuccessfulRenderLogsAndReturns" file="D:\xampp\htdocs\h\htmltopdf\tests\Unit\Service\RendererServiceTest.php" line="261" class="Tests\Unit\Service\RendererServiceTest" classname="Tests.Unit.Service.RendererServiceTest" assertions="3" time="0.122753"/>
    <testcase name="testNonZeroExitCodeThrowsRendererException" file="D:\xampp\htdocs\h\htmltopdf\tests\Unit\Service\RendererServiceTest.php" line="289" class="Tests\Unit\Service\RendererServiceTest" classname="Tests.Unit.Service.RendererServiceTest" assertions="2" time="0.120306"/>
    <testcase name="testRendererExceptionStatusCode" file="D:\xampp\htdocs\h\htmltopdf\tests\Unit\Service\RendererServiceTest.php" line="312" class="Tests\Unit\Service\RendererServiceTest" classname="Tests.Unit.Service.RendererServiceTest" assertions="1" time="0.000925"/>
    <testcase name="testZeroByteOutputThrowsRendererException" file="D:\xampp\htdocs\h\htmltopdf\tests\Unit\Service\RendererServiceTest.php" line="327" class="Tests\Unit\Service\RendererServiceTest" classname="Tests.Unit.Service.RendererServiceTest" assertions="3" time="0.103096"/>
    <testcase name="testMissingOutputFileThrowsRendererException" file="D:\xampp\htdocs\h\htmltopdf\tests\Unit\Service\RendererServiceTest.php" line="351" class="Tests\Unit\Service\RendererServiceTest" classname="Tests.Unit.Service.RendererServiceTest" assertions="2" time="0.102979"/>
    <testcase name="testTimeoutThrowsRendererTimeoutException" file="D:\xampp\htdocs\h\htmltopdf\tests\Unit\Service\RendererServiceTest.php" line="380" class="Tests\Unit\Service\RendererServiceTest" classname="Tests.Unit.Service.RendererServiceTest" assertions="2" time="1.140834"/>
    <testcase name="testRendererTimeoutExceptionStatusCode" file="D:\xampp\htdocs\h\htmltopdf\tests\Unit\Service\RendererServiceTest.php" line="405" class="Tests\Unit\Service\RendererServiceTest" classname="Tests.Unit.Service.RendererServiceTest" assertions="1" time="0.000554"/>
    <testcase name="testStderrIsCappedAt2000Chars" file="D:\xampp\htdocs\h\htmltopdf\tests\Unit\Service\RendererServiceTest.php" line="421" class="Tests\Unit\Service\RendererServiceTest" classname="Tests.Unit.Service.RendererServiceTest" assertions="1" time="0.103608"/>
    <testcase name="testApiKeyIsRedactedInFailureLogEntry" file="D:\xampp\htdocs\h\htmltopdf\tests\Unit\Service\RendererServiceTest.php" line="458" class="Tests\Unit\Service\RendererServiceTest" classname="Tests.Unit.Service.RendererServiceTest" assertions="1" time="0.113131"/>
    <testcase name="testUrlWithoutApiKeyIsNotAltered" file="D:\xampp\htdocs\h\htmltopdf\tests\Unit\Service\RendererServiceTest.php" line="495" class="Tests\Unit\Service\RendererServiceTest" classname="Tests.Unit.Service.RendererServiceTest" assertions="1" time="0.118655"/>
  </testsuite>
</testsuites>
