<?xml version="1.0" encoding="UTF-8"?>
<testsuites>
  <testsuite name="Tests\Unit\Config\ConfigLoaderTest" file="D:\xampp\htdocs\h\htmltopdf\tests\Unit\Config\ConfigLoaderTest.php" tests="16" assertions="47" errors="0" failures="0" skipped="0" time="1.370393">
    <testcase name="testHappyPathReturnsConfigWithCorrectValues" file="D:\xampp\htdocs\h\htmltopdf\tests\Unit\Config\ConfigLoaderTest.php" line="172" class="Tests\Unit\Config\ConfigLoaderTest" classname="Tests.Unit.Config.ConfigLoaderTest" assertions="12" time="0.245525"/>
    <testcase name="testMissingPortExitsOneAndMentionsPort" file="D:\xampp\htdocs\h\htmltopdf\tests\Unit\Config\ConfigLoaderTest.php" line="224" class="Tests\Unit\Config\ConfigLoaderTest" classname="Tests.Unit.Config.ConfigLoaderTest" assertions="2" time="0.107755"/>
    <testcase name="testMissingWkhtmltopdfPathExitsOneAndMentionsSetting" file="D:\xampp\htdocs\h\htmltopdf\tests\Unit\Config\ConfigLoaderTest.php" line="240" class="Tests\Unit\Config\ConfigLoaderTest" classname="Tests.Unit.Config.ConfigLoaderTest" assertions="2" time="0.107873"/>
    <testcase name="testMissingApiKeysExitsOneAndMentionsSetting" file="D:\xampp\htdocs\h\htmltopdf\tests\Unit\Config\ConfigLoaderTest.php" line="256" class="Tests\Unit\Config\ConfigLoaderTest" classname="Tests.Unit.Config.ConfigLoaderTest" assertions="2" time="0.094496"/>
    <testcase name="testMissingStorageDirExitsOneAndMentionsSetting" file="D:\xampp\htdocs\h\htmltopdf\tests\Unit\Config\ConfigLoaderTest.php" line="272" class="Tests\Unit\Config\ConfigLoaderTest" classname="Tests.Unit.Config.ConfigLoaderTest" assertions="2" time="0.089504"/>
    <testcase name="testMissingBaseUrlExitsOneAndMentionsSetting" file="D:\xampp\htdocs\h\htmltopdf\tests\Unit\Config\ConfigLoaderTest.php" line="288" class="Tests\Unit\Config\ConfigLoaderTest" classname="Tests.Unit.Config.ConfigLoaderTest" assertions="2" time="0.099008"/>
    <testcase name="testPortZeroExitsOne" file="D:\xampp\htdocs\h\htmltopdf\tests\Unit\Config\ConfigLoaderTest.php" line="308" class="Tests\Unit\Config\ConfigLoaderTest" classname="Tests.Unit.Config.ConfigLoaderTest" assertions="2" time="0.142207"/>
    <testcase name="testPortSixtyFiveThirtySixExitsOne" file="D:\xampp\htdocs\h\htmltopdf\tests\Unit\Config\ConfigLoaderTest.php" line="324" class="Tests\Unit\Config\ConfigLoaderTest" classname="Tests.Unit.Config.ConfigLoaderTest" assertions="2" time="0.127892"/>
    <testcase name="testTtlSecondsFiftyNineExitsOne" file="D:\xampp\htdocs\h\htmltopdf\tests\Unit\Config\ConfigLoaderTest.php" line="340" class="Tests\Unit\Config\ConfigLoaderTest" classname="Tests.Unit.Config.ConfigLoaderTest" assertions="2" time="0.100010"/>
    <testcase name="testTtlSecondsEightyFourFourOhOneExitsOne" file="D:\xampp\htdocs\h\htmltopdf\tests\Unit\Config\ConfigLoaderTest.php" line="356" class="Tests\Unit\Config\ConfigLoaderTest" classname="Tests.Unit.Config.ConfigLoaderTest" assertions="2" time="0.097623"/>
    <testcase name="testEnvVarTakesPrecedenceOverConfigFileForPort" file="D:\xampp\htdocs\h\htmltopdf\tests\Unit\Config\ConfigLoaderTest.php" line="376" class="Tests\Unit\Config\ConfigLoaderTest" classname="Tests.Unit.Config.ConfigLoaderTest" assertions="1" time="0.011672"/>
    <testcase name="testEnvVarTakesPrecedenceOverConfigFileForBaseUrl" file="D:\xampp\htdocs\h\htmltopdf\tests\Unit\Config\ConfigLoaderTest.php" line="413" class="Tests\Unit\Config\ConfigLoaderTest" classname="Tests.Unit.Config.ConfigLoaderTest" assertions="1" time="0.009217"/>
    <testcase name="testDotenvFileTakesPrecedenceOverConfigFile" file="D:\xampp\htdocs\h\htmltopdf\tests\Unit\Config\ConfigLoaderTest.php" line="454" class="Tests\Unit\Config\ConfigLoaderTest" classname="Tests.Unit.Config.ConfigLoaderTest" assertions="5" time="0.011638"/>
    <testcase name="testProcessEnvTakesPrecedenceOverDotenvFile" file="D:\xampp\htdocs\h\htmltopdf\tests\Unit\Config\ConfigLoaderTest.php" line="502" class="Tests\Unit\Config\ConfigLoaderTest" classname="Tests.Unit.Config.ConfigLoaderTest" assertions="2" time="0.010168"/>
    <testcase name="testEmptyApiKeysExitsOne" file="D:\xampp\htdocs\h\htmltopdf\tests\Unit\Config\ConfigLoaderTest.php" line="556" class="Tests\Unit\Config\ConfigLoaderTest" classname="Tests.Unit.Config.ConfigLoaderTest" assertions="2" time="0.106470"/>
    <testcase name="testOptionalFieldsUseDefaultsWhenAbsent" file="D:\xampp\htdocs\h\htmltopdf\tests\Unit\Config\ConfigLoaderTest.php" line="579" class="Tests\Unit\Config\ConfigLoaderTest" classname="Tests.Unit.Config.ConfigLoaderTest" assertions="6" time="0.009334"/>
  </testsuite>
</testsuites>
